{
  "0 debug pnpm:scope": {
    "selected": 1,
    "workspacePrefix": "/Users/zorba/Desktop/myRep/fighting-design"
  },
  "1 error pnpm": {
    "errno": 1,
    "code": "ELIFECYCLE",
    "pkgid": "fighting-design@",
    "stage": "dev:docs",
    "script": "pnpm run -C docs dev",
    "pkgname": "fighting-design",
    "err": {
      "name": "pnpm",
      "message": "fighting-design@ dev:docs: `pnpm run -C docs dev`\nExit status 1",
      "code": "ELIFECYCLE",
      "stack": "pnpm: fighting-design@ dev:docs: `pnpm run -C docs dev`\nExit status 1\n    at EventEmitter.<anonymous> (/Users/zorba/pnpm-global/5/node_modules/.pnpm/pnpm@7.2.1/node_modules/pnpm/dist/pnpm.cjs:107358:20)\n    at EventEmitter.emit (node:events:390:28)\n    at ChildProcess.<anonymous> (/Users/zorba/pnpm-global/5/node_modules/.pnpm/pnpm@7.2.1/node_modules/pnpm/dist/pnpm.cjs:93924:18)\n    at ChildProcess.emit (node:events:390:28)\n    at maybeClose (node:internal/child_process:1064:16)\n    at Process.ChildProcess._handle.onexit (node:internal/child_process:301:5)"
    }
  },
  "2 warn pnpm:global": " Local package.json exists, but node_modules missing, did you mean to install?"
}